<?xml version="1.0" encoding="UTF-8"?>
<testng-results ignored="0" total="3" passed="3" failed="0" skipped="0">
  <reporter-output>
  </reporter-output>
  <suite started-at="2025-11-05T08:57:04 IST" name="Default suite" finished-at="2025-11-05T08:57:50 IST" duration-ms="46226">
    <groups>
    </groups>
    <test started-at="2025-11-05T08:57:04 IST" name="Default test" finished-at="2025-11-05T08:57:50 IST" duration-ms="46226">
      <class name="com.webshop.crm.product.DemoProduct">
        <test-method signature="demoWebShopTest(java.lang.String)[pri:0, instance:com.webshop.crm.product.DemoProduct@1a482e36]" started-at="2025-11-05T08:57:04 IST" name="demoWebShopTest" data-provider="getData" finished-at="2025-11-05T08:57:15 IST" duration-ms="10718" status="PASS">
          <params>
            <param index="0">
              <value>
                <![CDATA[Blue and green Sneaker]]>
              </value>
            </param>
          </params>
          <reporter-output>
          </reporter-output>
        </test-method> <!-- demoWebShopTest -->
        <test-method signature="demoWebShopTest(java.lang.String)[pri:0, instance:com.webshop.crm.product.DemoProduct@1a482e36]" started-at="2025-11-05T08:57:15 IST" name="demoWebShopTest" data-provider="getData" finished-at="2025-11-05T08:57:35 IST" duration-ms="19339" status="PASS">
          <params>
            <param index="0">
              <value>
                <![CDATA[Smartphone]]>
              </value>
            </param>
          </params>
          <reporter-output>
          </reporter-output>
        </test-method> <!-- demoWebShopTest -->
        <test-method signature="demoWebShopTest(java.lang.String)[pri:0, instance:com.webshop.crm.product.DemoProduct@1a482e36]" started-at="2025-11-05T08:57:35 IST" name="demoWebShopTest" data-provider="getData" finished-at="2025-11-05T08:57:50 IST" duration-ms="15242" status="PASS">
          <params>
            <param index="0">
              <value>
                <![CDATA[Computing and Internet]]>
              </value>
            </param>
          </params>
          <reporter-output>
          </reporter-output>
        </test-method> <!-- demoWebShopTest -->
      </class> <!-- com.webshop.crm.product.DemoProduct -->
    </test> <!-- Default test -->
  </suite> <!-- Default suite -->
</testng-results>
