<?xml version="1.0" encoding="UTF-8"?>
<!-- Generated by org.testng.reporters.JUnitXMLReporter -->
<testsuite ignored="0" hostname="LAPTOP-RV7UN5T4" failures="0" tests="3" name="Default test" time="46.226" errors="0" timestamp="2025-11-05T08:57:50 IST">
  <testcase classname="com.webshop.crm.product.DemoProduct" name="demoWebShopTest" time="10.718"/>
  <testcase classname="com.webshop.crm.product.DemoProduct" name="demoWebShopTest" time="19.339"/>
  <testcase classname="com.webshop.crm.product.DemoProduct" name="demoWebShopTest" time="15.242"/>
</testsuite> <!-- Default test -->
