<?xml version="1.0" encoding="UTF-8"?>
<!-- Generated by org.testng.reporters.JUnitReportReporter -->
<testsuite hostname="LAPTOP-RV7UN5T4" failures="0" tests="3" name="com.webshop.crm.product.DemoProduct" time="45.299" errors="0" timestamp="2025-11-05T08:57:50 IST" skipped="0">
  <testcase classname="com.webshop.crm.product.DemoProduct" name="demoWebShopTest" time="10.718"/>
  <system-out/>
  <testcase classname="com.webshop.crm.product.DemoProduct" name="demoWebShopTest" time="19.339"/>
  <system-out/>
  <testcase classname="com.webshop.crm.product.DemoProduct" name="demoWebShopTest" time="15.242"/>
  <system-out/>
</testsuite> <!-- com.webshop.crm.product.DemoProduct -->
